<?xml version="1.0" encoding="UTF-8"?>
<testsuite name="com.example.rateexchange.RateExchangeApplicationTests" tests="1" skipped="0" failures="0" errors="0" timestamp="2021-01-15T12:54:07" hostname="LAPTOP-GVFM1VSD" time="0.005">
  <properties/>
  <testcase name="contextLoads()" classname="com.example.rateexchange.RateExchangeApplicationTests" time="0.005"/>
  <system-out><![CDATA[2021-01-15 15:54:04.325  INFO 19312 --- [    Test worker] .b.t.c.SpringBootTestContextBootstrapper : Neither @ContextConfiguration nor @ContextHierarchy found for test class [com.example.rateexchange.RateExchangeApplicationTests], using SpringBootContextLoader
2021-01-15 15:54:04.325  INFO 19312 --- [    Test worker] o.s.t.c.support.AbstractContextLoader    : Could not detect default resource locations for test class [com.example.rateexchange.RateExchangeApplicationTests]: no resource found for suffixes {-context.xml, Context.groovy}.
2021-01-15 15:54:04.325  INFO 19312 --- [    Test worker] t.c.s.AnnotationConfigContextLoaderUtils : Could not detect default configuration classes for test class [com.example.rateexchange.RateExchangeApplicationTests]: RateExchangeApplicationTests does not declare any static, non-private, non-final, nested classes annotated with @Configuration.
2021-01-15 15:54:04.341  INFO 19312 --- [    Test worker] .b.t.c.SpringBootTestContextBootstrapper : Found @SpringBootConfiguration com.example.rateexchange.RateExchangeApplication for test class com.example.rateexchange.RateExchangeApplicationTests
2021-01-15 15:54:04.341  INFO 19312 --- [    Test worker] .b.t.c.SpringBootTestContextBootstrapper : Loaded default TestExecutionListener class names from location [META-INF/spring.factories]: [org.springframework.boot.test.autoconfigure.restdocs.RestDocsTestExecutionListener, org.springframework.boot.test.autoconfigure.web.client.MockRestServiceServerResetTestExecutionListener, org.springframework.boot.test.autoconfigure.web.servlet.MockMvcPrintOnlyOnFailureTestExecutionListener, org.springframework.boot.test.autoconfigure.web.servlet.WebDriverTestExecutionListener, org.springframework.boot.test.autoconfigure.webservices.client.MockWebServiceServerTestExecutionListener, org.springframework.boot.test.mock.mockito.MockitoTestExecutionListener, org.springframework.boot.test.mock.mockito.ResetMocksTestExecutionListener, org.springframework.test.context.web.ServletTestExecutionListener, org.springframework.test.context.support.DirtiesContextBeforeModesTestExecutionListener, org.springframework.test.context.support.DependencyInjectionTestExecutionListener, org.springframework.test.context.support.DirtiesContextTestExecutionListener, org.springframework.test.context.transaction.TransactionalTestExecutionListener, org.springframework.test.context.jdbc.SqlScriptsTestExecutionListener, org.springframework.test.context.event.EventPublishingTestExecutionListener]
2021-01-15 15:54:04.341  INFO 19312 --- [    Test worker] .b.t.c.SpringBootTestContextBootstrapper : Using TestExecutionListeners: [org.springframework.test.context.web.ServletTestExecutionListener@156c18c6, org.springframework.test.context.support.DirtiesContextBeforeModesTestExecutionListener@5a1a9952, org.springframework.boot.test.mock.mockito.MockitoTestExecutionListener@1c1f84df, org.springframework.boot.test.autoconfigure.SpringBootDependencyInjectionTestExecutionListener@2dc9c3ee, org.springframework.test.context.support.DirtiesContextTestExecutionListener@581654b9, org.springframework.test.context.event.EventPublishingTestExecutionListener@56c896e0, org.springframework.boot.test.autoconfigure.restdocs.RestDocsTestExecutionListener@3611c99a, org.springframework.boot.test.autoconfigure.web.client.MockRestServiceServerResetTestExecutionListener@5524aa05, org.springframework.boot.test.autoconfigure.web.servlet.MockMvcPrintOnlyOnFailureTestExecutionListener@3ffd9f84, org.springframework.boot.test.autoconfigure.web.servlet.WebDriverTestExecutionListener@2d10610d, org.springframework.boot.test.autoconfigure.webservices.client.MockWebServiceServerTestExecutionListener@15f5202c, org.springframework.boot.test.mock.mockito.ResetMocksTestExecutionListener@6571c415]

  .   ____          _            __ _ _
 /\\ / ___'_ __ _ _(_)_ __  __ _ \ \ \ \
( ( )\___ | '_ | '_| | '_ \/ _` | \ \ \ \
 \\/  ___)| |_)| | | | | || (_| |  ) ) ) )
  '  |____| .__|_| |_|_| |_\__, | / / / /
 =========|_|==============|___/=/_/_/_/
 :: Spring Boot ::        (v2.3.0.RELEASE)

2021-01-15 15:54:04.658  INFO 19312 --- [    Test worker] c.e.r.RateExchangeApplicationTests       : No active profile set, falling back to default profiles: default
2021-01-15 15:54:05.189  INFO 19312 --- [    Test worker] o.s.cloud.context.scope.GenericScope     : BeanFactory id=e6613ac2-8719-344e-bba7-935a41848132
2021-01-15 15:54:05.273  INFO 19312 --- [    Test worker] trationDelegate$BeanPostProcessorChecker : Bean 'com.example.rateexchange.feign.GifClient' of type [org.springframework.cloud.openfeign.FeignClientFactoryBean] is not eligible for getting processed by all BeanPostProcessors (for example: not eligible for auto-proxying)
2021-01-15 15:54:05.281  INFO 19312 --- [    Test worker] trationDelegate$BeanPostProcessorChecker : Bean 'com.example.rateexchange.feign.ExchangeRatesClient' of type [org.springframework.cloud.openfeign.FeignClientFactoryBean] is not eligible for getting processed by all BeanPostProcessors (for example: not eligible for auto-proxying)
2021-01-15 15:54:06.942  WARN 19312 --- [    Test worker] o.s.c.n.a.ArchaiusAutoConfiguration      : No spring.application.name found, defaulting to 'application'
2021-01-15 15:54:06.958  WARN 19312 --- [    Test worker] c.n.c.sources.URLConfigurationSource     : No URLs will be polled as dynamic configuration sources.
2021-01-15 15:54:06.958  INFO 19312 --- [    Test worker] c.n.c.sources.URLConfigurationSource     : To enable URLs as dynamic configuration sources, define System property archaius.configurationSource.additionalUrls or make config.properties available on classpath.
2021-01-15 15:54:06.958  WARN 19312 --- [    Test worker] c.n.c.sources.URLConfigurationSource     : No URLs will be polled as dynamic configuration sources.
2021-01-15 15:54:06.958  INFO 19312 --- [    Test worker] c.n.c.sources.URLConfigurationSource     : To enable URLs as dynamic configuration sources, define System property archaius.configurationSource.additionalUrls or make config.properties available on classpath.
2021-01-15 15:54:07.088  INFO 19312 --- [    Test worker] o.s.s.concurrent.ThreadPoolTaskExecutor  : Initializing ExecutorService 'applicationTaskExecutor'
2021-01-15 15:54:07.551  INFO 19312 --- [    Test worker] c.e.r.RateExchangeApplicationTests       : Started RateExchangeApplicationTests in 3.201 seconds (JVM running for 8.705)
]]></system-out>
  <system-err><![CDATA[]]></system-err>
</testsuite>
