<?xml version="1.0" encoding="UTF-8"?>
<testsuite name="com.example.rateexchange.service.RateExchangeServiceImplTest" tests="3" skipped="0" failures="0" errors="0" timestamp="2021-01-15T12:54:10" hostname="LAPTOP-GVFM1VSD" time="0.033">
  <properties/>
  <testcase name="shouldReturnCorrectBooleanStatus()" classname="com.example.rateexchange.service.RateExchangeServiceImplTest" time="0.012"/>
  <testcase name="shouldReturnNull()" classname="com.example.rateexchange.service.RateExchangeServiceImplTest" time="0.007"/>
  <testcase name="shouldThrowException()" classname="com.example.rateexchange.service.RateExchangeServiceImplTest" time="0.007"/>
  <system-out><![CDATA[2021-01-15 15:54:09.309  INFO 19312 --- [    Test worker] .b.t.c.SpringBootTestContextBootstrapper : Neither @ContextConfiguration nor @ContextHierarchy found for test class [com.example.rateexchange.service.RateExchangeServiceImplTest], using SpringBootContextLoader
2021-01-15 15:54:09.309  INFO 19312 --- [    Test worker] o.s.t.c.support.AbstractContextLoader    : Could not detect default resource locations for test class [com.example.rateexchange.service.RateExchangeServiceImplTest]: no resource found for suffixes {-context.xml, Context.groovy}.
2021-01-15 15:54:09.309  INFO 19312 --- [    Test worker] t.c.s.AnnotationConfigContextLoaderUtils : Could not detect default configuration classes for test class [com.example.rateexchange.service.RateExchangeServiceImplTest]: RateExchangeServiceImplTest does not declare any static, non-private, non-final, nested classes annotated with @Configuration.
2021-01-15 15:54:09.317  INFO 19312 --- [    Test worker] .b.t.c.SpringBootTestContextBootstrapper : Found @SpringBootConfiguration com.example.rateexchange.RateExchangeApplication for test class com.example.rateexchange.service.RateExchangeServiceImplTest
2021-01-15 15:54:09.317  INFO 19312 --- [    Test worker] .b.t.c.SpringBootTestContextBootstrapper : Loaded default TestExecutionListener class names from location [META-INF/spring.factories]: [org.springframework.boot.test.autoconfigure.restdocs.RestDocsTestExecutionListener, org.springframework.boot.test.autoconfigure.web.client.MockRestServiceServerResetTestExecutionListener, org.springframework.boot.test.autoconfigure.web.servlet.MockMvcPrintOnlyOnFailureTestExecutionListener, org.springframework.boot.test.autoconfigure.web.servlet.WebDriverTestExecutionListener, org.springframework.boot.test.autoconfigure.webservices.client.MockWebServiceServerTestExecutionListener, org.springframework.boot.test.mock.mockito.MockitoTestExecutionListener, org.springframework.boot.test.mock.mockito.ResetMocksTestExecutionListener, org.springframework.test.context.web.ServletTestExecutionListener, org.springframework.test.context.support.DirtiesContextBeforeModesTestExecutionListener, org.springframework.test.context.support.DependencyInjectionTestExecutionListener, org.springframework.test.context.support.DirtiesContextTestExecutionListener, org.springframework.test.context.transaction.TransactionalTestExecutionListener, org.springframework.test.context.jdbc.SqlScriptsTestExecutionListener, org.springframework.test.context.event.EventPublishingTestExecutionListener]
2021-01-15 15:54:09.317  INFO 19312 --- [    Test worker] .b.t.c.SpringBootTestContextBootstrapper : Using TestExecutionListeners: [org.springframework.test.context.web.ServletTestExecutionListener@76039a74, org.springframework.test.context.support.DirtiesContextBeforeModesTestExecutionListener@231b4db4, org.springframework.boot.test.mock.mockito.MockitoTestExecutionListener@77eeaad5, org.springframework.boot.test.autoconfigure.SpringBootDependencyInjectionTestExecutionListener@65496f48, org.springframework.test.context.support.DirtiesContextTestExecutionListener@f7399af, org.springframework.test.context.event.EventPublishingTestExecutionListener@767c0318, org.springframework.boot.test.autoconfigure.restdocs.RestDocsTestExecutionListener@7446b700, org.springframework.boot.test.autoconfigure.web.client.MockRestServiceServerResetTestExecutionListener@5adbb5ef, org.springframework.boot.test.autoconfigure.web.servlet.MockMvcPrintOnlyOnFailureTestExecutionListener@49f6e1fa, org.springframework.boot.test.autoconfigure.web.servlet.WebDriverTestExecutionListener@5f045f1f, org.springframework.boot.test.autoconfigure.webservices.client.MockWebServiceServerTestExecutionListener@1e3b1d48, org.springframework.boot.test.mock.mockito.ResetMocksTestExecutionListener@19c8b7ad]

  .   ____          _            __ _ _
 /\\ / ___'_ __ _ _(_)_ __  __ _ \ \ \ \
( ( )\___ | '_ | '_| | '_ \/ _` | \ \ \ \
 \\/  ___)| |_)| | | | | || (_| |  ) ) ) )
  '  |____| .__|_| |_|_| |_\__, | / / / /
 =========|_|==============|___/=/_/_/_/
 :: Spring Boot ::        (v2.3.0.RELEASE)

2021-01-15 15:54:09.583  INFO 19312 --- [    Test worker] c.e.r.s.RateExchangeServiceImplTest      : No active profile set, falling back to default profiles: default
2021-01-15 15:54:09.949  INFO 19312 --- [    Test worker] o.s.cloud.context.scope.GenericScope     : BeanFactory id=e6613ac2-8719-344e-bba7-935a41848132
2021-01-15 15:54:10.027  INFO 19312 --- [    Test worker] trationDelegate$BeanPostProcessorChecker : Bean 'com.example.rateexchange.feign.GifClient' of type [org.springframework.cloud.openfeign.FeignClientFactoryBean] is not eligible for getting processed by all BeanPostProcessors (for example: not eligible for auto-proxying)
2021-01-15 15:54:10.227  WARN 19312 --- [    Test worker] o.s.c.n.a.ArchaiusAutoConfiguration      : Netflix ConfigurationManager has already been installed, unable to re-install
2021-01-15 15:54:10.354  INFO 19312 --- [    Test worker] o.s.s.concurrent.ThreadPoolTaskExecutor  : Initializing ExecutorService 'applicationTaskExecutor'
2021-01-15 15:54:10.693  INFO 19312 --- [    Test worker] c.e.r.s.RateExchangeServiceImplTest      : Started RateExchangeServiceImplTest in 1.378 seconds (JVM running for 11.856)
]]></system-out>
  <system-err><![CDATA[]]></system-err>
</testsuite>
