<?xml version="1.0" encoding="UTF-8"?>
<testsuite name="com.example.rateexchange.service.GifServiceImplTest" tests="1" skipped="0" failures="0" errors="0" timestamp="2021-01-15T12:54:09" hostname="LAPTOP-GVFM1VSD" time="0.014">
  <properties/>
  <testcase name="shouldReturnCorrectGifUrl()" classname="com.example.rateexchange.service.GifServiceImplTest" time="0.014"/>
  <system-out><![CDATA[2021-01-15 15:54:07.567  INFO 19312 --- [    Test worker] .b.t.c.SpringBootTestContextBootstrapper : Neither @ContextConfiguration nor @ContextHierarchy found for test class [com.example.rateexchange.service.GifServiceImplTest], using SpringBootContextLoader
2021-01-15 15:54:07.567  INFO 19312 --- [    Test worker] o.s.t.c.support.AbstractContextLoader    : Could not detect default resource locations for test class [com.example.rateexchange.service.GifServiceImplTest]: no resource found for suffixes {-context.xml, Context.groovy}.
2021-01-15 15:54:07.567  INFO 19312 --- [    Test worker] t.c.s.AnnotationConfigContextLoaderUtils : Could not detect default configuration classes for test class [com.example.rateexchange.service.GifServiceImplTest]: GifServiceImplTest does not declare any static, non-private, non-final, nested classes annotated with @Configuration.
2021-01-15 15:54:07.567  INFO 19312 --- [    Test worker] .b.t.c.SpringBootTestContextBootstrapper : Found @SpringBootConfiguration com.example.rateexchange.RateExchangeApplication for test class com.example.rateexchange.service.GifServiceImplTest
2021-01-15 15:54:07.582  INFO 19312 --- [    Test worker] .b.t.c.SpringBootTestContextBootstrapper : Loaded default TestExecutionListener class names from location [META-INF/spring.factories]: [org.springframework.boot.test.autoconfigure.restdocs.RestDocsTestExecutionListener, org.springframework.boot.test.autoconfigure.web.client.MockRestServiceServerResetTestExecutionListener, org.springframework.boot.test.autoconfigure.web.servlet.MockMvcPrintOnlyOnFailureTestExecutionListener, org.springframework.boot.test.autoconfigure.web.servlet.WebDriverTestExecutionListener, org.springframework.boot.test.autoconfigure.webservices.client.MockWebServiceServerTestExecutionListener, org.springframework.boot.test.mock.mockito.MockitoTestExecutionListener, org.springframework.boot.test.mock.mockito.ResetMocksTestExecutionListener, org.springframework.test.context.web.ServletTestExecutionListener, org.springframework.test.context.support.DirtiesContextBeforeModesTestExecutionListener, org.springframework.test.context.support.DependencyInjectionTestExecutionListener, org.springframework.test.context.support.DirtiesContextTestExecutionListener, org.springframework.test.context.transaction.TransactionalTestExecutionListener, org.springframework.test.context.jdbc.SqlScriptsTestExecutionListener, org.springframework.test.context.event.EventPublishingTestExecutionListener]
2021-01-15 15:54:07.582  INFO 19312 --- [    Test worker] .b.t.c.SpringBootTestContextBootstrapper : Using TestExecutionListeners: [org.springframework.test.context.web.ServletTestExecutionListener@394c619, org.springframework.test.context.support.DirtiesContextBeforeModesTestExecutionListener@51f15ad9, org.springframework.boot.test.mock.mockito.MockitoTestExecutionListener@355b75ed, org.springframework.boot.test.autoconfigure.SpringBootDependencyInjectionTestExecutionListener@5fcb0379, org.springframework.test.context.support.DirtiesContextTestExecutionListener@7acab297, org.springframework.test.context.event.EventPublishingTestExecutionListener@21b60885, org.springframework.boot.test.autoconfigure.restdocs.RestDocsTestExecutionListener@4face543, org.springframework.boot.test.autoconfigure.web.client.MockRestServiceServerResetTestExecutionListener@48fbe704, org.springframework.boot.test.autoconfigure.web.servlet.MockMvcPrintOnlyOnFailureTestExecutionListener@678aba86, org.springframework.boot.test.autoconfigure.web.servlet.WebDriverTestExecutionListener@76e964d2, org.springframework.boot.test.autoconfigure.webservices.client.MockWebServiceServerTestExecutionListener@5ec701b1, org.springframework.boot.test.mock.mockito.ResetMocksTestExecutionListener@49930eaa]

  .   ____          _            __ _ _
 /\\ / ___'_ __ _ _(_)_ __  __ _ \ \ \ \
( ( )\___ | '_ | '_| | '_ \/ _` | \ \ \ \
 \\/  ___)| |_)| | | | | || (_| |  ) ) ) )
  '  |____| .__|_| |_|_| |_\__, | / / / /
 =========|_|==============|___/=/_/_/_/
 :: Spring Boot ::        (v2.3.0.RELEASE)

2021-01-15 15:54:07.879  INFO 19312 --- [    Test worker] c.e.r.service.GifServiceImplTest         : No active profile set, falling back to default profiles: default
2021-01-15 15:54:08.257  INFO 19312 --- [    Test worker] o.s.cloud.context.scope.GenericScope     : BeanFactory id=e6613ac2-8719-344e-bba7-935a41848132
2021-01-15 15:54:08.329  INFO 19312 --- [    Test worker] trationDelegate$BeanPostProcessorChecker : Bean 'com.example.rateexchange.feign.ExchangeRatesClient' of type [org.springframework.cloud.openfeign.FeignClientFactoryBean] is not eligible for getting processed by all BeanPostProcessors (for example: not eligible for auto-proxying)
2021-01-15 15:54:08.785  WARN 19312 --- [    Test worker] o.s.c.n.a.ArchaiusAutoConfiguration      : Netflix ConfigurationManager has already been installed, unable to re-install
2021-01-15 15:54:08.896  INFO 19312 --- [    Test worker] o.s.s.concurrent.ThreadPoolTaskExecutor  : Initializing ExecutorService 'applicationTaskExecutor'
2021-01-15 15:54:09.277  INFO 19312 --- [    Test worker] c.e.r.service.GifServiceImplTest         : Started GifServiceImplTest in 1.695 seconds (JVM running for 10.434)
]]></system-out>
  <system-err><![CDATA[]]></system-err>
</testsuite>
