<?xml version="1.0" encoding="UTF-8"?>
<testsuite name="com.example.rateexchange.util.JSONMapperTest" tests="2" skipped="0" failures="0" errors="0" timestamp="2021-01-15T12:54:10" hostname="LAPTOP-GVFM1VSD" time="0.009">
  <properties/>
  <testcase name="shouldReturnMap()" classname="com.example.rateexchange.util.JSONMapperTest" time="0.001"/>
  <testcase name="shouldReturnCorrectRateFromJson()" classname="com.example.rateexchange.util.JSONMapperTest" time="0.007"/>
  <system-out><![CDATA[]]></system-out>
  <system-err><![CDATA[]]></system-err>
</testsuite>
